#
# There is insufficient memory for the Java Runtime Environment to continue.
# Native memory allocation (mmap) failed to map 266338304 bytes for Failed to commit area from 0x0000000702000000 to 0x0000000711e00000 of length 266338304.
# Possible reasons:
#   The system is out of physical RAM or swap space
#   The process is running with CompressedOops enabled, and the Java Heap may be blocking the growth of the native heap
# Possible solutions:
#   Reduce memory load on the system
#   Increase physical memory or swap space
#   Check if swap backing store is full
#   Decrease Java heap size (-Xmx/-Xms)
#   Decrease number of Java threads
#   Decrease Java thread stack sizes (-Xss)
#   Set larger code cache with -XX:ReservedCodeCacheSize=
# This output file may be truncated or incomplete.
#
#  Out of Memory Error (t:/workspace/open/src/hotspot/os/windows/os_windows.cpp:3254), pid=4376, tid=1128
#
# JRE version:  (12.0.1+12) (build )
# Java VM: Java HotSpot(TM) 64-Bit Server VM (12.0.1+12, mixed mode, aot, sharing, tiered, compressed oops, g1 gc, windows-amd64)
# No core dump will be written. Minidumps are not enabled by default on client versions of Windows
#

---------------  S U M M A R Y ------------

Command Line: -Dfile.encoding=Cp1252 ChatClient

Host: Intel(R) Core(TM) i7-6500U CPU @ 2.50GHz, 4 cores, 15G,  Windows 10 , 64 bit Build 18362 (10.0.18362.86)
Time: Wed Jul 24 01:13:25 2019 SE Asia Standard Time elapsed time: 0 seconds (0d 0h 0m 0s)

---------------  T H R E A D  ---------------

Current thread (0x0000017b96ab8800):  JavaThread "Unknown thread" [_thread_in_vm, id=1128, stack(0x0000003c2ff00000,0x0000003c30000000)]

Stack: [0x0000003c2ff00000,0x0000003c30000000]
Native frames: (J=compiled Java code, j=interpreted, Vv=VM code, C=native code)
V  [jvm.dll+0x63948a]
V  [jvm.dll+0x78b31f]
V  [jvm.dll+0x78c9c1]
V  [jvm.dll+0x78d013]
V  [jvm.dll+0x262138]
V  [jvm.dll+0x63698a]
V  [jvm.dll+0x62b505]
V  [jvm.dll+0x31d9bc]
V  [jvm.dll+0x31d7ef]
V  [jvm.dll+0x323526]
V  [jvm.dll+0x370f76]
V  [jvm.dll+0x370750]
V  [jvm.dll+0x2f786a]
V  [jvm.dll+0x2f8af2]
V  [jvm.dll+0x7657b7]
V  [jvm.dll+0x766e95]
V  [jvm.dll+0x37f089]
V  [jvm.dll+0x749b14]
V  [jvm.dll+0x3ee48d]
V  [jvm.dll+0x3f03c1]
C  [jli.dll+0x51cf]
C  [ucrtbase.dll+0x1d912]
C  [KERNEL32.DLL+0x17bd4]
C  [ntdll.dll+0x6ce71]


---------------  P R O C E S S  ---------------

Threads class SMR info:
_java_thread_list=0x00007ffd88f748e8, length=0, elements={
}

Java Threads: ( => current thread )

Other Threads:
  0x0000017b96b1d800 GCTaskThread "GC Thread#0" [stack: 0x0000003c30000000,0x0000003c30100000] [id=5400]
  0x0000017b96b38000 ConcurrentGCThread "G1 Main Marker" [stack: 0x0000003c30100000,0x0000003c30200000] [id=7920]
  0x0000017b96b39800 ConcurrentGCThread "G1 Conc#0" [stack: 0x0000003c30200000,0x0000003c30300000] [id=17500]

[error occurred during error reporting (printing all threads), id 0xc0000005, EXCEPTION_ACCESS_VIOLATION (0xc0000005) at pc=0x00007ffd887a7a37]

VM state:not at safepoint (not fully initialized)

VM Mutex/Monitor currently owned by a thread:  ([mutex/lock_event])
[0x0000017b96ab4190] Heap_lock - owner thread: 0x0000017b96ab8800

Heap address: 0x0000000702000000, size: 4064 MB, Compressed Oops mode: Non-zero based: 0x0000000702000000
Narrow klass base: 0x0000000000000000, Narrow klass shift: 0

GC Heap History (0 events):
No events

Deoptimization events (0 events):
No events

Classes redefined (0 events):
No events

Internal exceptions (0 events):
No events

Events (0 events):
No events


Dynamic libraries:
0x00007ff6e87d0000 - 0x00007ff6e87df000 	C:\Program Files\Java\jdk-12.0.1\bin\javaw.exe
0x00007ffdd3d80000 - 0x00007ffdd3f70000 	C:\WINDOWS\SYSTEM32\ntdll.dll
0x00007ffdd3850000 - 0x00007ffdd3902000 	C:\WINDOWS\System32\KERNEL32.DLL
0x00007ffdd1a60000 - 0x00007ffdd1d03000 	C:\WINDOWS\System32\KERNELBASE.dll
0x00007ffdd0d20000 - 0x00007ffdd0e1a000 	C:\WINDOWS\System32\ucrtbase.dll
0x00007ffdbffe0000 - 0x00007ffdbfff6000 	C:\Program Files\Java\jdk-12.0.1\bin\VCRUNTIME140.dll
0x00007ffdca500000 - 0x00007ffdca518000 	C:\Program Files\Java\jdk-12.0.1\bin\jli.dll
0x00007ffdd3480000 - 0x00007ffdd3523000 	C:\WINDOWS\System32\ADVAPI32.dll
0x00007ffdd3530000 - 0x00007ffdd35ce000 	C:\WINDOWS\System32\msvcrt.dll
0x00007ffdd2a80000 - 0x00007ffdd2b17000 	C:\WINDOWS\System32\sechost.dll
0x00007ffdd35d0000 - 0x00007ffdd36f0000 	C:\WINDOWS\System32\RPCRT4.dll
0x00007ffdd1e70000 - 0x00007ffdd2003000 	C:\WINDOWS\System32\USER32.dll
0x00007ffdd17e0000 - 0x00007ffdd1801000 	C:\WINDOWS\System32\win32u.dll
0x00007ffdd3330000 - 0x00007ffdd3356000 	C:\WINDOWS\System32\GDI32.dll
0x00007ffdd1890000 - 0x00007ffdd1a24000 	C:\WINDOWS\System32\gdi32full.dll
0x00007ffdd15a0000 - 0x00007ffdd163e000 	C:\WINDOWS\System32\msvcp_win.dll
0x00007ffdc0bc0000 - 0x00007ffdc0e45000 	C:\WINDOWS\WinSxS\amd64_microsoft.windows.common-controls_6595b64144ccf1df_6.0.18362.239_none_e6c7aebd130c7608\COMCTL32.dll
0x00007ffdd24b0000 - 0x00007ffdd27e6000 	C:\WINDOWS\System32\combase.dll
0x00007ffdd1810000 - 0x00007ffdd1890000 	C:\WINDOWS\System32\bcryptPrimitives.dll
0x00007ffdc5160000 - 0x00007ffdc516a000 	C:\WINDOWS\SYSTEM32\VERSION.dll
0x00007ffdd1e40000 - 0x00007ffdd1e6e000 	C:\WINDOWS\System32\IMM32.DLL
0x00007ffda4cf0000 - 0x00007ffda4d9a000 	C:\Program Files\Java\jdk-12.0.1\bin\msvcp140.dll
0x00007ffd884a0000 - 0x00007ffd89014000 	C:\Program Files\Java\jdk-12.0.1\bin\server\jvm.dll
0x00007ffdd2480000 - 0x00007ffdd2488000 	C:\WINDOWS\System32\PSAPI.DLL
0x00007ffdcb9e0000 - 0x00007ffdcb9e9000 	C:\WINDOWS\SYSTEM32\WSOCK32.dll
0x00007ffdd3ba0000 - 0x00007ffdd3c0f000 	C:\WINDOWS\System32\WS2_32.dll
0x00007ffdcce30000 - 0x00007ffdcce54000 	C:\WINDOWS\SYSTEM32\WINMM.dll
0x00007ffdcce00000 - 0x00007ffdcce2d000 	C:\WINDOWS\SYSTEM32\WINMMBASE.dll
0x00007ffdd1790000 - 0x00007ffdd17da000 	C:\WINDOWS\System32\cfgmgr32.dll
0x00007ffdd0d00000 - 0x00007ffdd0d11000 	C:\WINDOWS\System32\kernel.appcore.dll
0x00007ffdca370000 - 0x00007ffdca381000 	C:\Program Files\Java\jdk-12.0.1\bin\verify.dll
0x00007ffdade50000 - 0x00007ffdae044000 	C:\WINDOWS\SYSTEM32\DBGHELP.DLL
0x00007ffdadce0000 - 0x00007ffdadd0a000 	C:\WINDOWS\SYSTEM32\dbgcore.DLL
0x00007ffdc5080000 - 0x00007ffdc50a6000 	C:\Program Files\Java\jdk-12.0.1\bin\java.dll
0x00007ffdca350000 - 0x00007ffdca367000 	C:\Program Files\Java\jdk-12.0.1\bin\zip.dll
0x00007ffdc5140000 - 0x00007ffdc514a000 	C:\Program Files\Java\jdk-12.0.1\bin\jimage.dll

dbghelp: loaded successfully - version: 4.0.5 - missing functions: none
symbol engine: initialized successfully - sym options: 0x614 - pdb path: .;C:\Program Files\Java\jdk-12.0.1\bin;C:\WINDOWS\SYSTEM32;C:\WINDOWS\WinSxS\amd64_microsoft.windows.common-controls_6595b64144ccf1df_6.0.18362.239_none_e6c7aebd130c7608;C:\Program Files\Java\jdk-12.0.1\bin\server

VM Arguments:
jvm_args: -Dfile.encoding=Cp1252 
java_command: ChatClient
java_class_path (initial): C:\Users\Admin\Desktop\uitBundles\uitJava\17. ChatClient\bin
Launcher Type: SUN_STANDARD

[Global flags]
     intx CICompilerCount                          = 3                                         {product} {ergonomic}
     uint ConcGCThreads                            = 1                                         {product} {ergonomic}
     uint G1ConcRefinementThreads                  = 4                                         {product} {ergonomic}
   size_t G1HeapRegionSize                         = 1048576                                   {product} {ergonomic}
    uintx GCDrainStackTargetSize                   = 64                                        {product} {ergonomic}
   size_t InitialHeapSize                          = 266338304                                 {product} {ergonomic}
   size_t MarkStackSize                            = 4194304                                   {product} {ergonomic}
   size_t MaxHeapSize                              = 4261412864                                {product} {ergonomic}
   size_t MinHeapDeltaBytes                        = 1048576                                   {product} {ergonomic}
    uintx NonNMethodCodeHeapSize                   = 5830732                                {pd product} {ergonomic}
    uintx NonProfiledCodeHeapSize                  = 122913754                              {pd product} {ergonomic}
    uintx ProfiledCodeHeapSize                     = 122913754                              {pd product} {ergonomic}
    uintx ReservedCodeCacheSize                    = 251658240                              {pd product} {ergonomic}
     bool SegmentedCodeCache                       = true                                      {product} {ergonomic}
     bool UseCompressedClassPointers               = true                                 {lp64_product} {ergonomic}
     bool UseCompressedOops                        = true                                 {lp64_product} {ergonomic}
     bool UseG1GC                                  = true                                      {product} {ergonomic}
     bool UseLargePagesIndividualAllocation        = false                                  {pd product} {ergonomic}

Logging:
Log output configuration:
 #0: stdout all=warning uptime,level,tags
 #1: stderr all=off uptime,level,tags

Environment Variables:
PATH=C:/Program Files/Java/jdk-12.0.1/bin/server;C:/Program Files/Java/jdk-12.0.1/bin;C:\WINDOWS\system32;C:\WINDOWS;C:\WINDOWS\System32\Wbem;C:\WINDOWS\System32\WindowsPowerShell\v1.0\;C:\WINDOWS\System32\OpenSSH\;C:\Program Files\Microsoft VS Code\bin;C:\Program Files\Git\cmd;C:\Program Files\NVIDIA Corporation\NVIDIA NvDLISR;C:\Program Files (x86)\NVIDIA Corporation\PhysX\Common;C:\Program Files\dotnet\;C:\Program Files\Microsoft SQL Server\130\Tools\Binn\;C:\Program Files\Microsoft SQL Server\Client SDK\ODBC\130\Tools\Binn\;C:\Program Files (x86)\Microsoft SQL Server\140\Tools\Binn\;C:\Program Files\Microsoft SQL Server\140\Tools\Binn\;C:\Program Files\Microsoft SQL Server\140\DTS\Binn\;C:\Program Files (x86)\Microsoft SQL Server\Client SDK\ODBC\130\Tools\Binn\;C:\Program Files (x86)\Microsoft SQL Server\140\DTS\Binn\;C:\Program Files (x86)\Microsoft SQL Server\140\Tools\Binn\ManagementStudio\;C:\WINDOWS\system32;C:\WINDOWS;C:\WINDOWS\System32\Wbem;C:\WINDOWS\System32\WindowsPowerShell\v1.0\;C:\WINDOWS\System32\OpenSSH\;C:\Program Files\Microsoft SQL Server\Client SDK\ODBC\170\Tools\Binn\;c:\Program Files (x86)\Microsoft SQL Server\100\Tools\Binn\;c:\Program Files\Microsoft SQL Server\100\Tools\Binn\;c:\Program Files\Microsoft SQL Server\100\DTS\Binn\;C:\Users\Admin\AppData\Local\Microsoft\WindowsApps;C:\Users\Admin\AppData\Local\GitHubDesktop\bin;%USERPROFILE%\AppData\Local\Microsoft\WindowsApps;;C:\WINDOWS\system32;
USERNAME=Admin
OS=Windows_NT
PROCESSOR_IDENTIFIER=Intel64 Family 6 Model 78 Stepping 3, GenuineIntel



---------------  S Y S T E M  ---------------

OS: Windows 10 , 64 bit Build 18362 (10.0.18362.86)

CPU:total 4 (initial active 4) (2 cores per cpu, 2 threads per core) family 6 model 78 stepping 3, cmov, cx8, fxsr, mmx, sse, sse2, sse3, ssse3, sse4.1, sse4.2, popcnt, avx, avx2, aes, clmul, erms, 3dnowpref, lzcnt, ht, tsc, tscinvbit, bmi1, bmi2, adx, fma

Memory: 4k page, system-wide physical 16250M (8717M free)
TotalPageFile size 20250M (AvailPageFile size 219M)
current process WorkingSet (physical memory assigned to process): 10M, peak: 10M
current process commit charge ("private bytes"): 52M, peak: 306M

vm_info: Java HotSpot(TM) 64-Bit Server VM (12.0.1+12) for windows-amd64 JRE (12.0.1+12), built on Apr  2 2019 14:02:19 by "mach5one" with MS VC++ 15.5 (VS2017)

END.
